19/12/12 03:32:02 : Message is missing recipient's address
19/12/12 03:32:06 : Message is missing recipient's address
19/12/12 03:32:10 : Message is missing recipient's address
19/12/12 03:35:56 : Message is missing recipient's address
19/12/12 03:36:49 : Message is missing recipient's address
19/12/12 03:36:53 : Message is missing recipient's address
19/12/12 03:36:53 : Message is missing recipient's address
19/12/12 03:36:53 : Message is missing recipient's address
19/12/12 03:36:54 : Message is missing recipient's address
19/12/12 03:36:54 : Message is missing recipient's address
19/12/12 03:37:07 : Message is missing recipient's address
19/12/12 03:39:25 : Message is missing recipient's address
19/12/12 03:39:28 : Message is missing recipient's address
19/12/12 03:39:30 : Message is missing recipient's address
19/12/12 03:39:52 : Message is missing recipient's address
19/12/12 03:39:54 : Message is missing recipient's address
19/12/12 03:39:55 : Message is missing recipient's address
19/12/12 03:39:56 : Message is missing recipient's address
19/12/12 03:39:56 : Message is missing recipient's address
19/12/12 03:39:57 : Message is missing recipient's address
19/12/12 03:39:57 : Message is missing recipient's address
19/12/12 03:39:57 : Message is missing recipient's address
19/12/12 03:39:58 : Message is missing recipient's address
19/12/12 03:39:58 : Message is missing recipient's address
19/12/12 03:39:59 : Message is missing recipient's address
19/12/12 03:40:44 : Message is missing recipient's address
19/12/12 03:40:46 : Message is missing recipient's address
19/12/12 03:40:48 : Message is missing recipient's address
19/12/12 03:42:17 : Message is missing recipient's address
19/12/12 03:46:19 : Username and Password not accepted. Learn more at<EOL> https://support.google.com/mail/?p=BadCredentials w20sm4408631wmk.34 - gsmtp<EOL>
19/12/12 03:46:21 : Username and Password not accepted. Learn more at<EOL> https://support.google.com/mail/?p=BadCredentials x11sm4501704wre.68 - gsmtp<EOL>
19/12/12 12:51:46 : Username and Password not accepted. Learn more at<EOL> https://support.google.com/mail/?p=BadCredentials b17sm5759552wrp.49 - gsmtp<EOL>
19/12/12 12:51:48 : Username and Password not accepted. Learn more at<EOL> https://support.google.com/mail/?p=BadCredentials e8sm5658174wrt.7 - gsmtp<EOL>
19/12/12 12:54:26 : Username and Password not accepted. Learn more at<EOL> https://support.google.com/mail/?p=BadCredentials i81sm5974417wma.10 - gsmtp<EOL>
19/12/12 12:54:28 : Username and Password not accepted. Learn more at<EOL> https://support.google.com/mail/?p=BadCredentials w8sm6102158wmm.0 - gsmtp<EOL>
